/*C4*/SET SCHEMA PUBLIC
DISCONNECT
/*C5*/SET SCHEMA PUBLIC
CREATE TABLE Produto (id INTEGER GENERATED BY DEFAULT AS IDENTITY PRIMARY KEY, nome VARCHAR(255), descricao VARCHAR(255))
INSERT INTO PRODUTO VALUES(1,'Geladeira','Geladeira duas portas')
COMMIT
INSERT INTO PRODUTO VALUES(2,'Ferro de passar','Ferro de passar roupa com vaporizador')
COMMIT
/*C6*/SET SCHEMA PUBLIC
DISCONNECT
/*C7*/SET SCHEMA PUBLIC
DISCONNECT
/*C8*/SET SCHEMA PUBLIC
DISCONNECT
/*C9*/SET SCHEMA PUBLIC
DISCONNECT
/*C10*/SET SCHEMA PUBLIC
DISCONNECT
/*C11*/SET SCHEMA PUBLIC
DISCONNECT
/*C12*/SET SCHEMA PUBLIC
INSERT INTO PRODUTO VALUES(3,'Notebook','Notebook i5')
COMMIT
DISCONNECT
/*C13*/SET SCHEMA PUBLIC
DISCONNECT
/*C14*/SET SCHEMA PUBLIC
DISCONNECT
/*C15*/SET SCHEMA PUBLIC
DISCONNECT
/*C16*/SET SCHEMA PUBLIC
INSERT INTO PRODUTO VALUES(4,'Notebook','Notebook i5')
COMMIT
DISCONNECT
/*C17*/SET SCHEMA PUBLIC
DELETE FROM PRODUTO WHERE ID=4
COMMIT
DISCONNECT
/*C18*/SET SCHEMA PUBLIC
DISCONNECT
/*C19*/SET SCHEMA PUBLIC
DISCONNECT
/*C20*/SET SCHEMA PUBLIC
DISCONNECT
/*C21*/SET SCHEMA PUBLIC
DISCONNECT
/*C22*/SET SCHEMA PUBLIC
INSERT INTO PRODUTO VALUES(5,'caneca','caneca amarela')
COMMIT
DISCONNECT
/*C23*/SET SCHEMA PUBLIC
INSERT INTO PRODUTO VALUES(6,'caneca','caneca amarela')
COMMIT
DISCONNECT
/*C24*/SET SCHEMA PUBLIC
INSERT INTO PRODUTO VALUES(7,'''caneca','caneca amarela')
COMMIT
DISCONNECT
/*C25*/SET SCHEMA PUBLIC
INSERT INTO PRODUTO VALUES(8,'''caneca','''!@#%%$\u00a8%_)(*&caneca amarela')
COMMIT
DISCONNECT
/*C26*/SET SCHEMA PUBLIC
INSERT INTO PRODUTO VALUES(9,'''caneca','''!/@#%%|\u000a$\u00a8%_)(*&caneca amarela')
COMMIT
DISCONNECT
/*C27*/SET SCHEMA PUBLIC
DELETE FROM PRODUTO WHERE ID=5
DELETE FROM PRODUTO WHERE ID=6
DELETE FROM PRODUTO WHERE ID=7
DELETE FROM PRODUTO WHERE ID=8
DELETE FROM PRODUTO WHERE ID=9
COMMIT
DISCONNECT
/*C28*/SET SCHEMA PUBLIC
INSERT INTO PRODUTO VALUES(10,'TV LCD','32 polegadas')
COMMIT
INSERT INTO PRODUTO VALUES(11,'Blueray','Full HDMI')
COMMIT
DISCONNECT
/*C29*/SET SCHEMA PUBLIC
INSERT INTO PRODUTO VALUES(12,'TV LCD','32 polegadas')
COMMIT
INSERT INTO PRODUTO VALUES(13,'Blueray','Full HDMI')
COMMIT
DELETE FROM PRODUTO WHERE ID=10
DELETE FROM PRODUTO WHERE ID=11
DELETE FROM PRODUTO WHERE ID=12
DELETE FROM PRODUTO WHERE ID=13
COMMIT
DISCONNECT
/*C30*/SET SCHEMA PUBLIC
INSERT INTO PRODUTO VALUES(14,'TV LCD','32 polegadas')
COMMIT
DISCONNECT
/*C31*/SET SCHEMA PUBLIC
DISCONNECT
/*C32*/SET SCHEMA PUBLIC
DISCONNECT
/*C33*/SET SCHEMA PUBLIC
DISCONNECT
/*C34*/SET SCHEMA PUBLIC
DISCONNECT
/*C35*/SET SCHEMA PUBLIC
DISCONNECT
/*C36*/SET SCHEMA PUBLIC
DISCONNECT
/*C37*/SET SCHEMA PUBLIC
DISCONNECT
/*C38*/SET SCHEMA PUBLIC
DISCONNECT
/*C39*/SET SCHEMA PUBLIC
DELETE FROM PRODUTO WHERE ID=14
COMMIT
DISCONNECT
/*C40*/SET SCHEMA PUBLIC
DISCONNECT
/*C41*/SET SCHEMA PUBLIC
DISCONNECT
/*C42*/SET SCHEMA PUBLIC
DISCONNECT
/*C43*/SET SCHEMA PUBLIC
DISCONNECT
/*C44*/SET SCHEMA PUBLIC
DISCONNECT
/*C5*/DISCONNECT
/*C47*/SET SCHEMA PUBLIC
DISCONNECT
/*C46*/SET SCHEMA PUBLIC
DISCONNECT
/*C48*/SET SCHEMA PUBLIC
INSERT INTO PRODUTO VALUES(20,'TV LCD','32 polegadas')
INSERT INTO PRODUTO VALUES(21,'Blueray','Full HDMI')
COMMIT
/*C49*/SET SCHEMA PUBLIC
DISCONNECT
/*C48*/SET SCHEMA PUBLIC
DISCONNECT
/*C50*/SET SCHEMA PUBLIC
INSERT INTO PRODUTO VALUES(22,'TV LCD','32 polegadas')
INSERT INTO PRODUTO VALUES(23,'Blueray','Full HDMI')
COMMIT
/*C51*/SET SCHEMA PUBLIC
DISCONNECT
/*C50*/SET SCHEMA PUBLIC
DISCONNECT
/*C52*/SET SCHEMA PUBLIC
INSERT INTO PRODUTO VALUES(24,'TV LCD','32 polegadas')
INSERT INTO PRODUTO VALUES(25,'Blueray','Full HDMI')
COMMIT
/*C53*/SET SCHEMA PUBLIC
DISCONNECT
/*C52*/SET SCHEMA PUBLIC
DISCONNECT
/*C54*/SET SCHEMA PUBLIC
INSERT INTO PRODUTO VALUES(26,'TV LCD','32 polegadas')
INSERT INTO PRODUTO VALUES(27,'Blueray','Full HDMI')
COMMIT
/*C55*/SET SCHEMA PUBLIC
DISCONNECT
/*C54*/SET SCHEMA PUBLIC
DISCONNECT
/*C45*/SET SCHEMA PUBLIC
DELETE FROM PRODUTO WHERE ID=20
DELETE FROM PRODUTO WHERE ID=21
DELETE FROM PRODUTO WHERE ID=22
DELETE FROM PRODUTO WHERE ID=23
DELETE FROM PRODUTO WHERE ID=24
DELETE FROM PRODUTO WHERE ID=25
DELETE FROM PRODUTO WHERE ID=26
DELETE FROM PRODUTO WHERE ID=27
COMMIT
/*C56*/SET SCHEMA PUBLIC
INSERT INTO PRODUTO VALUES(28,'TV LCD','32 polegadas')
INSERT INTO PRODUTO VALUES(29,'Blueray','Full HDMI')
COMMIT
/*C57*/SET SCHEMA PUBLIC
DISCONNECT
/*C56*/SET SCHEMA PUBLIC
DISCONNECT
/*C58*/SET SCHEMA PUBLIC
INSERT INTO PRODUTO VALUES(30,'TV LCD','32 polegadas')
INSERT INTO PRODUTO VALUES(31,'Blueray','Full HDMI')
COMMIT
/*C59*/SET SCHEMA PUBLIC
DISCONNECT
/*C58*/SET SCHEMA PUBLIC
DISCONNECT
/*C60*/SET SCHEMA PUBLIC
INSERT INTO PRODUTO VALUES(32,'TV LCD','32 polegadas')
INSERT INTO PRODUTO VALUES(33,'Blueray','Full HDMI')
COMMIT
/*C61*/SET SCHEMA PUBLIC
DISCONNECT
/*C60*/SET SCHEMA PUBLIC
DISCONNECT
/*C62*/SET SCHEMA PUBLIC
INSERT INTO PRODUTO VALUES(34,'TV LCD','32 polegadas')
INSERT INTO PRODUTO VALUES(35,'Blueray','Full HDMI')
COMMIT
/*C63*/SET SCHEMA PUBLIC
DISCONNECT
/*C62*/SET SCHEMA PUBLIC
DISCONNECT
/*C64*/SET SCHEMA PUBLIC
INSERT INTO PRODUTO VALUES(36,'TV LCD','32 polegadas')
INSERT INTO PRODUTO VALUES(37,'Blueray','Full HDMI')
COMMIT
/*C65*/SET SCHEMA PUBLIC
DISCONNECT
/*C64*/SET SCHEMA PUBLIC
DISCONNECT
/*C45*/DELETE FROM PRODUTO WHERE ID=28
DELETE FROM PRODUTO WHERE ID=29
DELETE FROM PRODUTO WHERE ID=30
DELETE FROM PRODUTO WHERE ID=31
DELETE FROM PRODUTO WHERE ID=32
DELETE FROM PRODUTO WHERE ID=33
DELETE FROM PRODUTO WHERE ID=34
DELETE FROM PRODUTO WHERE ID=35
DELETE FROM PRODUTO WHERE ID=36
DELETE FROM PRODUTO WHERE ID=37
COMMIT
/*C66*/SET SCHEMA PUBLIC
INSERT INTO PRODUTO VALUES(38,'TV LCD','32 polegadas')
INSERT INTO PRODUTO VALUES(39,'Blueray','Full HDMI')
COMMIT
/*C67*/SET SCHEMA PUBLIC
DISCONNECT
/*C66*/SET SCHEMA PUBLIC
DISCONNECT
/*C68*/SET SCHEMA PUBLIC
INSERT INTO PRODUTO VALUES(40,'TV LCD','32 polegadas')
INSERT INTO PRODUTO VALUES(41,'Blueray','Full HDMI')
COMMIT
/*C69*/SET SCHEMA PUBLIC
DISCONNECT
/*C68*/SET SCHEMA PUBLIC
DISCONNECT
/*C70*/SET SCHEMA PUBLIC
INSERT INTO PRODUTO VALUES(42,'TV LCD','32 polegadas')
INSERT INTO PRODUTO VALUES(43,'Blueray','Full HDMI')
COMMIT
/*C71*/SET SCHEMA PUBLIC
DISCONNECT
/*C70*/SET SCHEMA PUBLIC
DISCONNECT
/*C72*/SET SCHEMA PUBLIC
DISCONNECT
/*C45*/DELETE FROM PRODUTO WHERE ID=38
DELETE FROM PRODUTO WHERE ID=39
DELETE FROM PRODUTO WHERE ID=40
DELETE FROM PRODUTO WHERE ID=41
DELETE FROM PRODUTO WHERE ID=42
DELETE FROM PRODUTO WHERE ID=43
COMMIT
/*C73*/SET SCHEMA PUBLIC
DISCONNECT
/*C74*/SET SCHEMA PUBLIC
INSERT INTO PRODUTO VALUES(44,'Mesa Azul','Mesa com 4 p\u00e9s')
COMMIT
/*C75*/SET SCHEMA PUBLIC
DISCONNECT
/*C74*/SET SCHEMA PUBLIC
DISCONNECT
/*C45*/DELETE FROM PRODUTO WHERE ID=44
COMMIT
/*C76*/SET SCHEMA PUBLIC
INSERT INTO PRODUTO VALUES(45,'Mesa Azul','Mesa com 4 p\u00e9s')
COMMIT
/*C77*/SET SCHEMA PUBLIC
DISCONNECT
/*C76*/SET SCHEMA PUBLIC
DISCONNECT
/*C45*/DELETE FROM PRODUTO WHERE ID=45
COMMIT
/*C78*/SET SCHEMA PUBLIC
INSERT INTO PRODUTO VALUES(46,'Mesa Azul','Mesa com 4 p\u00e9s')
COMMIT
/*C79*/SET SCHEMA PUBLIC
DISCONNECT
/*C78*/SET SCHEMA PUBLIC
DISCONNECT
/*C45*/DELETE FROM PRODUTO WHERE ID=46
COMMIT
/*C80*/SET SCHEMA PUBLIC
INSERT INTO PRODUTO VALUES(47,'Mesa Azul','Mesa com 4 p\u00e9s')
COMMIT
/*C81*/SET SCHEMA PUBLIC
DISCONNECT
/*C80*/SET SCHEMA PUBLIC
DISCONNECT
/*C45*/DELETE FROM PRODUTO WHERE ID=47
COMMIT
/*C82*/SET SCHEMA PUBLIC
INSERT INTO PRODUTO VALUES(48,'Mesa Azul','Mesa com 4 p\u00e9s')
COMMIT
/*C83*/SET SCHEMA PUBLIC
DISCONNECT
/*C82*/SET SCHEMA PUBLIC
DISCONNECT
/*C84*/SET SCHEMA PUBLIC
INSERT INTO PRODUTO VALUES(49,'Mesa Azul','Mesa com 4 p\u00e9s')
COMMIT
/*C85*/SET SCHEMA PUBLIC
DISCONNECT
/*C84*/SET SCHEMA PUBLIC
DISCONNECT
/*C45*/DELETE FROM PRODUTO WHERE ID=48
DELETE FROM PRODUTO WHERE ID=49
COMMIT
/*C86*/SET SCHEMA PUBLIC
INSERT INTO PRODUTO VALUES(50,'Mesa Azul','Mesa com 4 p\u00e9s')
COMMIT
/*C87*/SET SCHEMA PUBLIC
DISCONNECT
/*C86*/SET SCHEMA PUBLIC
DISCONNECT
/*C88*/SET SCHEMA PUBLIC
INSERT INTO PRODUTO VALUES(51,'Mesa 2 Azul','Mesa com 8 p\u00e9s')
COMMIT
SET SCHEMA PUBLIC
DISCONNECT
/*C89*/SET SCHEMA PUBLIC
INSERT INTO PRODUTO VALUES(52,'Mesa 2 Azul','Mesa com 8 p\u00e9s')
COMMIT
SET SCHEMA PUBLIC
DISCONNECT
/*C90*/SET SCHEMA PUBLIC
INSERT INTO PRODUTO VALUES(53,'Mesa 2 Azul','Mesa com 8 p\u00e9s')
COMMIT
DISCONNECT
/*C91*/SET SCHEMA PUBLIC
DISCONNECT
/*C92*/SET SCHEMA PUBLIC
DISCONNECT
/*C93*/SET SCHEMA PUBLIC
DISCONNECT
/*C94*/SET SCHEMA PUBLIC
DISCONNECT
/*C95*/SET SCHEMA PUBLIC
INSERT INTO PRODUTO VALUES(54,'Mesa 2 Azul','Mesa com 8 p\u00e9s')
COMMIT
SET SCHEMA PUBLIC
DISCONNECT
/*C96*/SET SCHEMA PUBLIC
INSERT INTO PRODUTO VALUES(55,'Mesa 2 Azul','Mesa com 8 p\u00e9s')
COMMIT
DELETE FROM PRODUTO WHERE ID=50
DELETE FROM PRODUTO WHERE ID=51
DELETE FROM PRODUTO WHERE ID=52
DELETE FROM PRODUTO WHERE ID=53
DELETE FROM PRODUTO WHERE ID=54
DELETE FROM PRODUTO WHERE ID=55
COMMIT
SET SCHEMA PUBLIC
DISCONNECT
/*C97*/SET SCHEMA PUBLIC
INSERT INTO PRODUTO VALUES(56,'Mesa 2 Azul','Mesa com 8 p\u00e9s')
COMMIT
SET SCHEMA PUBLIC
DISCONNECT
/*C45*/DISCONNECT
